#
# There is insufficient memory for the Java Runtime Environment to continue.
# Native memory allocation (malloc) failed to allocate 1048576 bytes for AllocateHeap
# Possible reasons:
#   The system is out of physical RAM or swap space
#   In 32 bit mode, the process size limit was hit
# Possible solutions:
#   Reduce memory load on the system
#   Increase physical memory or swap space
#   Check if swap backing store is full
#   Use 64 bit Java on a 64 bit OS
#   Decrease Java heap size (-Xmx/-Xms)
#   Decrease number of Java threads
#   Decrease Java thread stack sizes (-Xss)
#   Set larger code cache with -XX:ReservedCodeCacheSize=
# This output file may be truncated or incomplete.
#
#  Out of Memory Error (memory/allocation.inline.hpp:61), pid=40488, tid=0x00000000000066d4
#
# JRE version:  (8.0) (build )
# Java VM: OpenJDK 64-Bit Server VM (25.71-b00 mixed mode windows-amd64 compressed oops)
# Failed to write core dump. Minidumps are not enabled by default on client versions of Windows
#

---------------  T H R E A D  ---------------

Current thread (0x00000000032be000):  JavaThread "Unknown thread" [_thread_in_vm, id=26324, stack(0x0000000003330000,0x0000000003430000)]

Stack: [0x0000000003330000,0x0000000003430000]
[error occurred during error reporting (printing stack bounds), id 0xc0000005]

Native frames: (J=compiled Java code, j=interpreted, Vv=VM code, C=native code)


---------------  P R O C E S S  ---------------

Java Threads: ( => current thread )

Other Threads:

=>0x00000000032be000 (exited) JavaThread "Unknown thread" [_thread_in_vm, id=26324, stack(0x0000000003330000,0x0000000003430000)]

VM state:not at safepoint (normal execution)

VM Mutex/Monitor currently owned by a thread: None

Heap:
 PSYoungGen      total 76288K, used 1310K [0x000000076b200000, 0x0000000770700000, 0x00000007c0000000)
  eden space 65536K, 2% used [0x000000076b200000,0x000000076b347af0,0x000000076f200000)
  from space 10752K, 0% used [0x000000076fc80000,0x000000076fc80000,0x0000000770700000)
  to   space 10752K, 0% used [0x000000076f200000,0x000000076f200000,0x000000076fc80000)
 ParOldGen       total 175104K, used 0K [0x00000006c1600000, 0x00000006cc100000, 0x000000076b200000)
  object space 175104K, 0% used [0x00000006c1600000,0x00000006c1600000,0x00000006cc100000)
 Metaspace       used 777K, capacity 4480K, committed 4480K, reserved 1056768K
  class space    used 74K, capacity 384K, committed 384K, reserved 1048576K

Card table byte_map: [0x00000000128f0000,0x00000000130f0000] byte_map_base: 0x000000000f2e5000

Marking Bits: (ParMarkBitMap*) 0x0000000055d3be50
 Begin Bits: [0x0000000014340000, 0x00000000182e8000)
 End Bits:   [0x00000000182e8000, 0x000000001c290000)

Polling page: 0x00000000019e0000

CodeCache: size=245760Kb used=328Kb max_used=328Kb free=245431Kb
 bounds [0x0000000003530000, 0x00000000037a0000, 0x0000000012530000]
 total_blobs=57 nmethods=0 adapters=38
 compilation: enabled

Compilation events (0 events):
No events

GC Heap History (0 events):
No events

Deoptimization events (0 events):
No events

Classes redefined (0 events):
No events

Internal exceptions (0 events):
No events

Events (10 events):
Event: 0.015 loading class java/lang/Short
Event: 0.015 loading class java/lang/Short done
Event: 0.015 loading class java/lang/Integer
Event: 0.015 loading class java/lang/Integer done
Event: 0.015 loading class java/lang/Long
Event: 0.015 loading class java/lang/Long done
Event: 0.016 loading class java/lang/NullPointerException
Event: 0.016 loading class java/lang/NullPointerException done
Event: 0.016 loading class java/lang/ArithmeticException
Event: 0.016 loading class java/lang/ArithmeticException done


Dynamic libraries:
0x00007ff695eb0000 - 0x00007ff695ee5000 	C:\Program Files\Unity\Hub\Editor\2021.3.16f1\Editor\Data\PlaybackEngines\AndroidPlayer\OpenJDK\bin\java.exe
0x00007ffaa5ba0000 - 0x00007ffaa5da9000 	C:\WINDOWS\SYSTEM32\ntdll.dll
0x00007ffaa4ba0000 - 0x00007ffaa4c5e000 	C:\WINDOWS\System32\KERNEL32.DLL
0x00007ffaa3290000 - 0x00007ffaa360b000 	C:\WINDOWS\System32\KERNELBASE.dll
0x00007ffaa4710000 - 0x00007ffaa47be000 	C:\WINDOWS\System32\ADVAPI32.dll
0x00007ffaa4fc0000 - 0x00007ffaa5063000 	C:\WINDOWS\System32\msvcrt.dll
0x00007ffaa5170000 - 0x00007ffaa520e000 	C:\WINDOWS\System32\sechost.dll
0x00007ffaa3cc0000 - 0x00007ffaa3de0000 	C:\WINDOWS\System32\RPCRT4.dll
0x00007ffaa3aa0000 - 0x00007ffaa3c4d000 	C:\WINDOWS\System32\USER32.dll
0x00007ffaa3260000 - 0x00007ffaa3286000 	C:\WINDOWS\System32\win32u.dll
0x00007ffaa4c60000 - 0x00007ffaa4c89000 	C:\WINDOWS\System32\GDI32.dll
0x00007ffaa3900000 - 0x00007ffaa3a18000 	C:\WINDOWS\System32\gdi32full.dll
0x00007ffaa3680000 - 0x00007ffaa371d000 	C:\WINDOWS\System32\msvcp_win.dll
0x00007ffaa37e0000 - 0x00007ffaa38f1000 	C:\WINDOWS\System32\ucrtbase.dll
0x00007ffa85400000 - 0x00007ffa856a5000 	C:\WINDOWS\WinSxS\amd64_microsoft.windows.common-controls_6595b64144ccf1df_6.0.22000.120_none_9d947278b86cc467\COMCTL32.dll
0x00007ffaa4440000 - 0x00007ffaa4472000 	C:\WINDOWS\System32\IMM32.DLL
0x0000000055dc0000 - 0x0000000055e92000 	C:\Program Files\Unity\Hub\Editor\2021.3.16f1\Editor\Data\PlaybackEngines\AndroidPlayer\OpenJDK\jre\bin\msvcr100.dll
0x0000000055570000 - 0x0000000055db9000 	C:\Program Files\Unity\Hub\Editor\2021.3.16f1\Editor\Data\PlaybackEngines\AndroidPlayer\OpenJDK\jre\bin\server\jvm.dll
0x00007ffaa3fc0000 - 0x00007ffaa3fc8000 	C:\WINDOWS\System32\PSAPI.DLL
0x00007ffa9ee60000 - 0x00007ffa9ee69000 	C:\WINDOWS\SYSTEM32\WSOCK32.dll
0x00007ffa88760000 - 0x00007ffa88793000 	C:\WINDOWS\SYSTEM32\WINMM.dll
0x00007ffa9ec00000 - 0x00007ffa9ec0a000 	C:\WINDOWS\SYSTEM32\VERSION.dll
0x00007ffaa3c50000 - 0x00007ffaa3cbf000 	C:\WINDOWS\System32\WS2_32.dll
0x00007ffa60970000 - 0x00007ffa6097f000 	C:\Program Files\Unity\Hub\Editor\2021.3.16f1\Editor\Data\PlaybackEngines\AndroidPlayer\OpenJDK\jre\bin\verify.dll
0x00007ffa60300000 - 0x00007ffa60329000 	C:\Program Files\Unity\Hub\Editor\2021.3.16f1\Editor\Data\PlaybackEngines\AndroidPlayer\OpenJDK\jre\bin\java.dll
0x00007ffa585b0000 - 0x00007ffa585c6000 	C:\Program Files\Unity\Hub\Editor\2021.3.16f1\Editor\Data\PlaybackEngines\AndroidPlayer\OpenJDK\jre\bin\zip.dll

VM Arguments:
java_command: <unknown>
java_class_path (initial): .
Launcher Type: SUN_STANDARD

Environment Variables:
JAVA_HOME=C:\Program Files\Unity\Hub\Editor\2021.3.16f1\Editor\Data\PlaybackEngines\AndroidPlayer\OpenJDK
PATH=C:\Program Files\Common Files\Oracle\Java\javapath;C:\Program Files (x86)\Common Files\Oracle\Java\javapath;C:\Program Files (x86)\Common Files\Intel\Shared Libraries\redist\intel64\compiler;C:\Windows\system32;C:\Windows;C:\Windows\System32\Wbem;C:\Windows\System32\WindowsPowerShell\v1.0\;C:\Windows\System32\OpenSSH\;C:\Program Files (x86)\NVIDIA Corporation\PhysX\Common;C:\Program Files\NVIDIA Corporation\NVIDIA NvDLISR;C:\WINDOWS\system32;C:\WINDOWS;C:\WINDOWS\System32\Wbem;C:\WINDOWS\System32\WindowsPowerShell\v1.0\;C:\WINDOWS\System32\OpenSSH\;C:\Program Files\Git\cmd;C:\Program Files\dotnet\;C:\Program Files\nodejs\;C:\msys64\mingw64\bin;C:\Users\ellio\AppData\Local\Programs\Microsoft VS Code\bin;D:\ffmpeg\ffmpeg\bin;C:\Users\ellio\AppData\Roaming\npm;C:\Users\ellio\AppData\Local\Programs\Python\Python310\Scripts\;C:\Users\ellio\AppData\Local\Programs\Python\Python310\;C:\Program Files (x86)\Common Files\Intel\Shared Libraries\redist\intel64\compiler;C:\Program Files\Common Files\Oracle\Java\javapath;C:\Program Files (x86)\Common Files\Oracle\Java\javapath;C:\Windows\system32;C:\Windows;C:\Windows\System32\Wbem;C:\Windows\System32\WindowsPowerShell\v1.0\;C:\Windows\System32\OpenSSH\;C:\Program Files (x86)\NVIDIA Corporation\PhysX\Common;C:\Program Files\NVIDIA Corporation\NVIDIA NvDLISR;C:\WINDOWS\system32;C:\WINDOWS;C:\WINDOWS\System32\Wbem;C:\WINDOWS\System32\WindowsPowerShell\v1.0\;C:\WINDOWS\System32\OpenSSH\;C:\Program Files\Git\cmd;C:\Program Files\dotnet\;C:\Program Files\nodejs\;C:\msys64\mingw64\bin;C:\Users\ellio;C:\Users\ellio\AppData\Local\GitHubDesktop\bin;C:\Users\ellio\.dotnet\tools;C:\Users\ellio\AppData\Local\Programs\Microsoft VS Code\bin;C:\Users\ellio\.dotnet\tools
USERNAME=ellio
OS=Windows_NT
PROCESSOR_IDENTIFIER=Intel64 Family 6 Model 165 Stepping 5, GenuineIntel



---------------  S Y S T E M  ---------------

OS: Windows 10.0 , 64 bit Build 22000 (10.0.22000.1335)

CPU:total 16 (initial active 16) (8 cores per cpu, 2 threads per core) family 6 model 165 stepping 5, cmov, cx8, fxsr, mmx, sse, sse2, sse3, ssse3, sse4.1, sse4.2, popcnt, avx, avx2, clmul, erms, 3dnowpref, lzcnt, ht, tsc, tscinvbit, bmi1, bmi2, adx

Memory: 4k page, physical 16683456k(2463408k free), swap 32361848k(7376k free)

vm_info: OpenJDK 64-Bit Server VM (25.71-b00) for windows-amd64 JRE (1.8.0-adoptopenjdk-_2018_05_19_00_59-b00), built on May 19 2018 01:02:12 by "jenkins" with MS VC++ 10.0 (VS2010)

time: Tue Jan 17 17:50:47 2023
elapsed time: 0 seconds (0d 0h 0m 0s)

