#
# There is insufficient memory for the Java Runtime Environment to continue.
# Native memory allocation (mmap) failed to map 268435456 bytes for G1 virtual space
# Possible reasons:
#   The system is out of physical RAM or swap space
#   The process is running with CompressedOops enabled, and the Java Heap may be blocking the growth of the native heap
# Possible solutions:
#   Reduce memory load on the system
#   Increase physical memory or swap space
#   Check if swap backing store is full
#   Decrease Java heap size (-Xmx/-Xms)
#   Decrease number of Java threads
#   Decrease Java thread stack sizes (-Xss)
#   Set larger code cache with -XX:ReservedCodeCacheSize=
#   JVM is running with Zero Based Compressed Oops mode in which the Java heap is
#     placed in the first 32GB address space. The Java Heap base address is the
#     maximum limit for the native heap growth. Please use -XX:HeapBaseMinAddress
#     to set the Java Heap base and to place the Java Heap above 32GB virtual address.
# This output file may be truncated or incomplete.
#
#  Out of Memory Error (os_windows.cpp:3535), pid=36544, tid=6436
#
# JRE version:  (17.0.3.1+2) (build )
# Java VM: Java HotSpot(TM) 64-Bit Server VM (17.0.3.1+2-LTS-6, mixed mode, sharing, tiered, compressed oops, compressed class ptrs, g1 gc, windows-amd64)
# No core dump will be written. Minidumps are not enabled by default on client versions of Windows
#

---------------  S U M M A R Y ------------

Command Line: 

Host: Intel(R) Core(TM) i7-10700 CPU @ 2.90GHz, 16 cores, 15G,  Windows 11 , 64 bit Build 22000 (10.0.22000.1335)
Time: Thu Feb 16 18:33:29 2023 W. Europe Standard Time elapsed time: 0.029912 seconds (0d 0h 0m 0s)

---------------  T H R E A D  ---------------

Current thread (0x0000025025482c60):  JavaThread "Unknown thread" [_thread_in_vm, id=6436, stack(0x0000007d98300000,0x0000007d98400000)]

Stack: [0x0000007d98300000,0x0000007d98400000]
Native frames: (J=compiled Java code, j=interpreted, Vv=VM code, C=native code)
V  [jvm.dll+0x6711ba]
V  [jvm.dll+0x7d0834]
V  [jvm.dll+0x7d1fde]
V  [jvm.dll+0x7d2643]
V  [jvm.dll+0x242c85]
V  [jvm.dll+0x66e0d9]
V  [jvm.dll+0x662a22]
V  [jvm.dll+0x300ddb]
V  [jvm.dll+0x308376]
V  [jvm.dll+0x357f7e]
V  [jvm.dll+0x3581af]
V  [jvm.dll+0x2d7ff8]
V  [jvm.dll+0x2d8f64]
V  [jvm.dll+0x7a2411]
V  [jvm.dll+0x365d01]
V  [jvm.dll+0x78187c]
V  [jvm.dll+0x3e873f]
V  [jvm.dll+0x3ea1e1]
C  [jli.dll+0x527b]
C  [ucrtbase.dll+0x26c0c]
C  [KERNEL32.DLL+0x155a0]
C  [ntdll.dll+0x485b]


---------------  P R O C E S S  ---------------

Threads class SMR info:
_java_thread_list=0x00007ffab2869858, length=0, elements={
}

Java Threads: ( => current thread )

Other Threads:
  0x00000250254ef2a0 GCTaskThread "GC Thread#0" [stack: 0x0000007d98400000,0x0000007d98500000] [id=23604]
  0x00000250255000d0 ConcurrentGCThread "G1 Main Marker" [stack: 0x0000007d98500000,0x0000007d98600000] [id=21004]
  0x0000025025501180 ConcurrentGCThread "G1 Conc#0" [stack: 0x0000007d98600000,0x0000007d98700000] [id=7676]

[error occurred during error reporting (printing all threads), id 0xc0000005, EXCEPTION_ACCESS_VIOLATION (0xc0000005) at pc=0x00007ffab20b89e7]

VM state: not at safepoint (not fully initialized)

VM Mutex/Monitor currently owned by a thread:  ([mutex/lock_event])
[0x000002502547fef0] Heap_lock - owner thread: 0x0000025025482c60

Heap address: 0x0000000701600000, size: 4074 MB, Compressed Oops mode: Zero based, Oop shift amount: 3

CDS archive(s) mapped at: [0x0000000000000000-0x0000000000000000-0x0000000000000000), size 0, SharedBaseAddress: 0x0000000800000000, ArchiveRelocationMode: 0.
Narrow klass base: 0x0000000000000000, Narrow klass shift: 0, Narrow klass range: 0x0

GC Precious Log:
<Empty>

Heap:
 garbage-first heap   total 0K, used 0K [0x0000000701600000, 0x0000000800000000)
  region size 2048K, 0 young (0K), 0 survivors (0K)

[error occurred during error reporting (printing heap information), id 0xc0000005, EXCEPTION_ACCESS_VIOLATION (0xc0000005) at pc=0x00007ffab249a629]

GC Heap History (0 events):
No events

Deoptimization events (0 events):
No events

Classes unloaded (0 events):
No events

Classes redefined (0 events):
No events

Internal exceptions (0 events):
No events

VM Operations (0 events):
No events

Events (1 events):
Event: 0.005 Loaded shared library C:\Program Files\Java\jdk-17.0.3.1\bin\java.dll


Dynamic libraries:
0x00007ff66c980000 - 0x00007ff66c990000 	C:\Program Files\Java\jdk-17.0.3.1\bin\java.exe
0x00007ffb69f40000 - 0x00007ffb6a149000 	C:\WINDOWS\SYSTEM32\ntdll.dll
0x00007ffb68b20000 - 0x00007ffb68bde000 	C:\WINDOWS\System32\KERNEL32.DLL
0x00007ffb67a40000 - 0x00007ffb67dbb000 	C:\WINDOWS\System32\KERNELBASE.dll
0x00007ffb67710000 - 0x00007ffb67821000 	C:\WINDOWS\System32\ucrtbase.dll
0x00007ffb5b910000 - 0x00007ffb5b928000 	C:\Program Files\Java\jdk-17.0.3.1\bin\jli.dll
0x00007ffb5b8f0000 - 0x00007ffb5b90a000 	C:\Program Files\Java\jdk-17.0.3.1\bin\VCRUNTIME140.dll
0x00007ffb684b0000 - 0x00007ffb6855e000 	C:\WINDOWS\System32\ADVAPI32.dll
0x00007ffb67f60000 - 0x00007ffb68003000 	C:\WINDOWS\System32\msvcrt.dll
0x00007ffb68400000 - 0x00007ffb6849e000 	C:\WINDOWS\System32\sechost.dll
0x00007ffb69aa0000 - 0x00007ffb69bc0000 	C:\WINDOWS\System32\RPCRT4.dll
0x00007ffb688e0000 - 0x00007ffb68a8d000 	C:\WINDOWS\System32\USER32.dll
0x00007ffb67a10000 - 0x00007ffb67a36000 	C:\WINDOWS\System32\win32u.dll
0x00007ffb69a70000 - 0x00007ffb69a99000 	C:\WINDOWS\System32\GDI32.dll
0x00007ffb5b020000 - 0x00007ffb5b2c5000 	C:\WINDOWS\WinSxS\amd64_microsoft.windows.common-controls_6595b64144ccf1df_6.0.22000.120_none_9d947278b86cc467\COMCTL32.dll
0x00007ffb67830000 - 0x00007ffb67948000 	C:\WINDOWS\System32\gdi32full.dll
0x00007ffb67670000 - 0x00007ffb6770d000 	C:\WINDOWS\System32\msvcp_win.dll
0x00007ffb60150000 - 0x00007ffb6015a000 	C:\WINDOWS\SYSTEM32\VERSION.dll
0x00007ffb69bc0000 - 0x00007ffb69bf2000 	C:\WINDOWS\System32\IMM32.DLL
0x00007ffb5d520000 - 0x00007ffb5d52c000 	C:\Program Files\Java\jdk-17.0.3.1\bin\vcruntime140_1.dll
0x00007ffabeec0000 - 0x00007ffabef4d000 	C:\Program Files\Java\jdk-17.0.3.1\bin\msvcp140.dll
0x00007ffab1dd0000 - 0x00007ffab2990000 	C:\Program Files\Java\jdk-17.0.3.1\bin\server\jvm.dll
0x00007ffb69d50000 - 0x00007ffb69d58000 	C:\WINDOWS\System32\PSAPI.DLL
0x00007ffb5dd50000 - 0x00007ffb5dd83000 	C:\WINDOWS\SYSTEM32\WINMM.dll
0x00007ffb38e00000 - 0x00007ffb38e09000 	C:\WINDOWS\SYSTEM32\WSOCK32.dll
0x00007ffb69c00000 - 0x00007ffb69c6f000 	C:\WINDOWS\System32\WS2_32.dll
0x00007ffb66540000 - 0x00007ffb66558000 	C:\WINDOWS\SYSTEM32\kernel.appcore.dll
0x00007ffb5b8e0000 - 0x00007ffb5b8ea000 	C:\Program Files\Java\jdk-17.0.3.1\bin\jimage.dll
0x00007ffb64ef0000 - 0x00007ffb65111000 	C:\WINDOWS\SYSTEM32\DBGHELP.DLL
0x00007ffb4e700000 - 0x00007ffb4e731000 	C:\WINDOWS\SYSTEM32\dbgcore.DLL
0x00007ffb675f0000 - 0x00007ffb6766f000 	C:\WINDOWS\System32\bcryptPrimitives.dll
0x00007ffae7ff0000 - 0x00007ffae8015000 	C:\Program Files\Java\jdk-17.0.3.1\bin\java.dll

dbghelp: loaded successfully - version: 4.0.5 - missing functions: none
symbol engine: initialized successfully - sym options: 0x614 - pdb path: .;C:\Program Files\Java\jdk-17.0.3.1\bin;C:\WINDOWS\SYSTEM32;C:\WINDOWS\WinSxS\amd64_microsoft.windows.common-controls_6595b64144ccf1df_6.0.22000.120_none_9d947278b86cc467;C:\Program Files\Java\jdk-17.0.3.1\bin\server

VM Arguments:
java_command: <unknown>
java_class_path (initial): <not set>
Launcher Type: SUN_STANDARD

[Global flags]
     intx CICompilerCount                          = 12                                        {product} {ergonomic}
     uint ConcGCThreads                            = 3                                         {product} {ergonomic}
     uint G1ConcRefinementThreads                  = 13                                        {product} {ergonomic}
   size_t G1HeapRegionSize                         = 2097152                                   {product} {ergonomic}
    uintx GCDrainStackTargetSize                   = 64                                        {product} {ergonomic}
   size_t InitialHeapSize                          = 268435456                                 {product} {ergonomic}
   size_t MarkStackSize                            = 4194304                                   {product} {ergonomic}
   size_t MaxHeapSize                              = 4271898624                                {product} {ergonomic}
   size_t MinHeapDeltaBytes                        = 2097152                                   {product} {ergonomic}
   size_t MinHeapSize                              = 8388608                                   {product} {ergonomic}
    uintx NonNMethodCodeHeapSize                   = 7602480                                {pd product} {ergonomic}
    uintx NonProfiledCodeHeapSize                  = 122027880                              {pd product} {ergonomic}
    uintx ProfiledCodeHeapSize                     = 122027880                              {pd product} {ergonomic}
    uintx ReservedCodeCacheSize                    = 251658240                              {pd product} {ergonomic}
     bool SegmentedCodeCache                       = true                                      {product} {ergonomic}
   size_t SoftMaxHeapSize                          = 4271898624                             {manageable} {ergonomic}
     bool UseCompressedClassPointers               = true                           {product lp64_product} {ergonomic}
     bool UseCompressedOops                        = true                           {product lp64_product} {ergonomic}
     bool UseG1GC                                  = true                                      {product} {ergonomic}
     bool UseLargePagesIndividualAllocation        = false                                  {pd product} {ergonomic}

Logging:
Log output configuration:
 #0: stdout all=warning uptime,level,tags
 #1: stderr all=off uptime,level,tags

Environment Variables:
JAVA_HOME=C:\Program Files\Java\jdk-17.0.3.1
PATH=C:\Program Files\Common Files\Oracle\Java\javapath;C:\Program Files (x86)\Common Files\Oracle\Java\javapath;C:\Program Files (x86)\Common Files\Intel\Shared Libraries\redist\intel64\compiler;C:\Windows\system32;C:\Windows;C:\Windows\System32\Wbem;C:\Windows\System32\WindowsPowerShell\v1.0\;C:\Windows\System32\OpenSSH\;C:\Program Files (x86)\NVIDIA Corporation\PhysX\Common;C:\Program Files\NVIDIA Corporation\NVIDIA NvDLISR;C:\WINDOWS\system32;C:\WINDOWS;C:\WINDOWS\System32\Wbem;C:\WINDOWS\System32\WindowsPowerShell\v1.0\;C:\WINDOWS\System32\OpenSSH\;C:\Program Files\Git\cmd;C:\Program Files\dotnet\;C:\Program Files\nodejs\;C:\msys64\mingw64\bin;C:\Users\ellio\AppData\Local\Programs\Microsoft VS Code\bin;D:\ffmpeg\ffmpeg\bin;C:\Users\ellio\AppData\Roaming\npm;C:\Users\ellio\AppData\Local\Programs\Python\Python310\Scripts\;C:\Users\ellio\AppData\Local\Programs\Python\Python310\;C:\Program Files (x86)\Common Files\Intel\Shared Libraries\redist\intel64\compiler;C:\Program Files\Common Files\Oracle\Java\javapath;C:\Program Files (x86)\Common Files\Oracle\Java\javapath;C:\Windows\system32;C:\Windows;C:\Windows\System32\Wbem;C:\Windows\System32\WindowsPowerShell\v1.0\;C:\Windows\System32\OpenSSH\;C:\Program Files (x86)\NVIDIA Corporation\PhysX\Common;C:\Program Files\NVIDIA Corporation\NVIDIA NvDLISR;C:\WINDOWS\system32;C:\WINDOWS;C:\WINDOWS\System32\Wbem;C:\WINDOWS\System32\WindowsPowerShell\v1.0\;C:\WINDOWS\System32\OpenSSH\;C:\Program Files\Git\cmd;C:\Program Files\dotnet\;C:\Program Files\nodejs\;C:\msys64\mingw64\bin;C:\Users\ellio;C:\Users\ellio\AppData\Local\GitHubDesktop\bin;C:\Users\ellio\.dotnet\tools;C:\Users\ellio\AppData\Local\Programs\Microsoft VS Code\bin;C:\Users\ellio\.dotnet\tools
USERNAME=ellio
OS=Windows_NT
PROCESSOR_IDENTIFIER=Intel64 Family 6 Model 165 Stepping 5, GenuineIntel



---------------  S Y S T E M  ---------------

OS:
 Windows 11 , 64 bit Build 22000 (10.0.22000.1335)
OS uptime: 7 days 4:26 hours
Hyper-V role detected

CPU: total 16 (initial active 16) (8 cores per cpu, 2 threads per core) family 6 model 165 stepping 5 microcode 0xe0, cx8, cmov, fxsr, ht, mmx, 3dnowpref, sse, sse2, sse3, ssse3, sse4.1, sse4.2, popcnt, lzcnt, tsc, tscinvbit, avx, avx2, erms, clmul, bmi1, bmi2, adx, fma, vzeroupper, clflush, clflushopt, hv

Memory: 4k page, system-wide physical 16292M (3358M free)
TotalPageFile size 31521M (AvailPageFile size 254M)
current process WorkingSet (physical memory assigned to process): 10M, peak: 10M
current process commit charge ("private bytes"): 70M, peak: 326M

vm_info: Java HotSpot(TM) 64-Bit Server VM (17.0.3.1+2-LTS-6) for windows-amd64 JRE (17.0.3.1+2-LTS-6), built on Apr 25 2022 22:04:21 by "mach5one" with MS VC++ 16.8 / 16.9 (VS2019)

END.
